app/build/intermediates/manifest_merge_blame_file/devDebug/manifest-merger-blame-dev-debug-report.txt
1<?xml version="1.0" encoding="utf-8"?>
2<manifest xmlns:android="http://schemas.android.com/apk/res/android"
3    package="com.example.newsapp.dev.debug"
4    android:versionCode="1"
5    android:versionName="1.0" >
6
7    <uses-sdk
8        android:minSdkVersion="21"
8-->src/main/AndroidManifest.xml
9        android:targetSdkVersion="30" />
9-->src/main/AndroidManifest.xml
10
11    <uses-permission android:name="android.permission.ACCESS_NETWORK_STATE" />
11-->src/main/AndroidManifest.xml:7:5-79
11-->src/main/AndroidManifest.xml:7:22-76
12    <uses-permission android:name="android.permission.INTERNET" />
12-->src/main/AndroidManifest.xml:8:5-67
12-->src/main/AndroidManifest.xml:8:22-64
13    <uses-permission android:name="android.permission.USE_BIOMETRIC" />
13-->src/main/AndroidManifest.xml:9:5-71
13-->src/main/AndroidManifest.xml:9:22-69
14    <uses-permission android:name="android.permission.REORDER_TASKS" />
14-->[androidx.fragment:fragment-testing:1.3.0-alpha08] AndroidManifest.xml:25:5-72
14-->[androidx.fragment:fragment-testing:1.3.0-alpha08] AndroidManifest.xml:25:22-69
15    <uses-permission android:name="android.permission.USE_FINGERPRINT" />
15-->[androidx.biometric:biometric:1.0.1] AndroidManifest.xml:25:5-74
15-->[androidx.biometric:biometric:1.0.1] AndroidManifest.xml:25:22-71
16
17    <application
17-->src/main/AndroidManifest.xml:11:5-31:19
18        android:name="com.example.newsapp.NewsApp"
18-->src/main/AndroidManifest.xml:12:9-51
19        android:allowBackup="true"
19-->src/main/AndroidManifest.xml:13:9-35
20        android:appComponentFactory="androidx.core.app.CoreComponentFactory"
20-->[androidx.core:core:1.5.0-rc01] AndroidManifest.xml:24:18-86
21        android:debuggable="true"
22        android:icon="@mipmap/app_icon"
22-->src/main/AndroidManifest.xml:14:9-40
23        android:label="@string/app_name"
23-->src/main/AndroidManifest.xml:15:9-41
24        android:networkSecurityConfig="@xml/network_security_config"
24-->src/main/AndroidManifest.xml:16:9-69
25        android:roundIcon="@mipmap/app_icon"
25-->src/main/AndroidManifest.xml:17:9-45
26        android:supportsRtl="true"
26-->src/main/AndroidManifest.xml:18:9-35
27        android:testOnly="true"
28        android:theme="@style/Theme.NewsApp" >
28-->src/main/AndroidManifest.xml:19:9-45
29        <activity
29-->src/main/AndroidManifest.xml:20:9-30:20
30            android:name="com.example.newsapp.ui.main.MainActivity"
30-->src/main/AndroidManifest.xml:21:13-68
31            android:configChanges="orientation|screenSize|screenLayout|keyboardHidden"
31-->src/main/AndroidManifest.xml:22:13-87
32            android:exported="true"
32-->src/main/AndroidManifest.xml:23:13-36
33            android:screenOrientation="sensor" >
33-->src/main/AndroidManifest.xml:24:13-47
34            <intent-filter>
34-->src/main/AndroidManifest.xml:25:13-29:29
35                <action android:name="android.intent.action.MAIN" />
35-->src/main/AndroidManifest.xml:26:17-69
35-->src/main/AndroidManifest.xml:26:25-66
36
37                <category android:name="android.intent.category.LAUNCHER" />
37-->src/main/AndroidManifest.xml:28:17-77
37-->src/main/AndroidManifest.xml:28:27-74
38            </intent-filter>
39        </activity>
40        <activity
40-->[androidx.fragment:fragment-testing:1.3.0-alpha08] AndroidManifest.xml:28:9-37:20
41            android:name="androidx.fragment.app.testing.FragmentScenario$EmptyFragmentActivity"
41-->[androidx.fragment:fragment-testing:1.3.0-alpha08] AndroidManifest.xml:29:13-96
42            android:exported="true"
42-->[androidx.fragment:fragment-testing:1.3.0-alpha08] AndroidManifest.xml:30:13-36
43            android:multiprocess="true"
43-->[androidx.fragment:fragment-testing:1.3.0-alpha08] AndroidManifest.xml:31:13-40
44            android:taskAffinity=""
44-->[androidx.fragment:fragment-testing:1.3.0-alpha08] AndroidManifest.xml:32:13-36
45            android:theme="@style/FragmentScenarioEmptyFragmentActivityTheme" >
45-->[androidx.fragment:fragment-testing:1.3.0-alpha08] AndroidManifest.xml:33:13-78
46            <intent-filter>
46-->[androidx.fragment:fragment-testing:1.3.0-alpha08] AndroidManifest.xml:34:13-36:29
47                <action android:name="android.intent.action.MAIN" />
47-->src/main/AndroidManifest.xml:26:17-69
47-->src/main/AndroidManifest.xml:26:25-66
48            </intent-filter>
49        </activity>
50        <activity
50-->[androidx.test:core:1.3.0] AndroidManifest.xml:27:9-33:20
51            android:name="androidx.test.core.app.InstrumentationActivityInvoker$BootstrapActivity"
51-->[androidx.test:core:1.3.0] AndroidManifest.xml:28:13-99
52            android:theme="@android:style/Theme" >
52-->[androidx.test:core:1.3.0] AndroidManifest.xml:29:13-49
53            <intent-filter>
53-->[androidx.fragment:fragment-testing:1.3.0-alpha08] AndroidManifest.xml:34:13-36:29
54                <action android:name="android.intent.action.MAIN" />
54-->src/main/AndroidManifest.xml:26:17-69
54-->src/main/AndroidManifest.xml:26:25-66
55            </intent-filter>
56        </activity>
57        <activity
57-->[androidx.test:core:1.3.0] AndroidManifest.xml:34:9-40:20
58            android:name="androidx.test.core.app.InstrumentationActivityInvoker$EmptyActivity"
58-->[androidx.test:core:1.3.0] AndroidManifest.xml:35:13-95
59            android:theme="@android:style/Theme" >
59-->[androidx.test:core:1.3.0] AndroidManifest.xml:36:13-49
60            <intent-filter>
60-->[androidx.fragment:fragment-testing:1.3.0-alpha08] AndroidManifest.xml:34:13-36:29
61                <action android:name="android.intent.action.MAIN" />
61-->src/main/AndroidManifest.xml:26:17-69
61-->src/main/AndroidManifest.xml:26:25-66
62            </intent-filter>
63        </activity>
64        <activity
64-->[androidx.test:core:1.3.0] AndroidManifest.xml:41:9-47:20
65            android:name="androidx.test.core.app.InstrumentationActivityInvoker$EmptyFloatingActivity"
65-->[androidx.test:core:1.3.0] AndroidManifest.xml:42:13-103
66            android:theme="@android:style/Theme.Dialog" >
66-->[androidx.test:core:1.3.0] AndroidManifest.xml:43:13-56
67            <intent-filter>
67-->[androidx.fragment:fragment-testing:1.3.0-alpha08] AndroidManifest.xml:34:13-36:29
68                <action android:name="android.intent.action.MAIN" />
68-->src/main/AndroidManifest.xml:26:17-69
68-->src/main/AndroidManifest.xml:26:25-66
69            </intent-filter>
70        </activity>
71        <activity
71-->[androidx.biometric:biometric:1.0.1] AndroidManifest.xml:28:9-31:67
72            android:name="androidx.biometric.DeviceCredentialHandlerActivity"
72-->[androidx.biometric:biometric:1.0.1] AndroidManifest.xml:29:13-78
73            android:exported="true"
73-->[androidx.biometric:biometric:1.0.1] AndroidManifest.xml:30:13-36
74            android:theme="@style/DeviceCredentialHandlerTheme" />
74-->[androidx.biometric:biometric:1.0.1] AndroidManifest.xml:31:13-64
75
76        <provider
76-->[androidx.lifecycle:lifecycle-process:2.2.0] AndroidManifest.xml:25:9-29:43
77            android:name="androidx.lifecycle.ProcessLifecycleOwnerInitializer"
77-->[androidx.lifecycle:lifecycle-process:2.2.0] AndroidManifest.xml:26:13-79
78            android:authorities="com.example.newsapp.dev.debug.lifecycle-process"
78-->[androidx.lifecycle:lifecycle-process:2.2.0] AndroidManifest.xml:27:13-69
79            android:exported="false"
79-->[androidx.lifecycle:lifecycle-process:2.2.0] AndroidManifest.xml:28:13-37
80            android:multiprocess="true" />
80-->[androidx.lifecycle:lifecycle-process:2.2.0] AndroidManifest.xml:29:13-40
81    </application>
82
83</manifest>